<?xml version="1.0" encoding="UTF-8"?>
<!-- Generated by org.testng.reporters.JUnitReportReporter -->
<testsuite skipped="0" hostname="DESKTOP-J9C1L06" name="com.ip.qa.BOperatorTest" tests="5" failures="0" timestamp="26 Apr 2020 16:15:44 GMT" time="0.085" errors="0">
  <testcase name="testWithLargeNumbers" time="0.002" classname="com.ip.qa.BOperatorTest"/>
  <testcase name="testTwoNum" time="0.003" classname="com.ip.qa.BOperatorTest"/>
  <testcase name="testWithZero" time="0.002" classname="com.ip.qa.BOperatorTest"/>
  <testcase name="testTwoNegNum" time="0.002" classname="com.ip.qa.BOperatorTest"/>
  <testcase name="testOneNegNum" time="0.076" classname="com.ip.qa.BOperatorTest"/>
</testsuite> <!-- com.ip.qa.BOperatorTest -->
