<?xml version="1.0" encoding="UTF-8"?>
<!-- Generated by org.testng.reporters.JUnitReportReporter -->
<testsuite skipped="0" hostname="DESKTOP-J9C1L06" name="com.ip.qa.StreamDemo2Test" tests="3" failures="0" timestamp="26 Apr 2020 16:10:34 GMT" time="0.095" errors="0">
  <testcase name="testWithNonMultiple" time="0.006" classname="com.ip.qa.StreamDemo2Test"/>
  <testcase name="testWithMultiple" time="0.002" classname="com.ip.qa.StreamDemo2Test"/>
  <testcase name="testWithEmptyArray" time="0.087" classname="com.ip.qa.StreamDemo2Test"/>
</testsuite> <!-- com.ip.qa.StreamDemo2Test -->
