<?xml version="1.0" encoding="UTF-8"?>
<!-- Generated by org.testng.reporters.JUnitReportReporter -->
<testsuite skipped="0" hostname="DESKTOP-J9C1L06" name="com.ip.qa.StreamDemo1Test" tests="5" failures="0" timestamp="26 Apr 2020 15:46:21 GMT" time="0.100" errors="0">
  <testcase name="checkWithEmptyArray" time="0.092" classname="com.ip.qa.StreamDemo1Test"/>
  <testcase name="checkingWithNegitiveNumbers" time="0.002" classname="com.ip.qa.StreamDemo1Test"/>
  <testcase name="checkingWithNegitiveAndPositiveNumbers" time="0.003" classname="com.ip.qa.StreamDemo1Test"/>
  <testcase name="checkingWithLessthanGivenCondition" time="0.001" classname="com.ip.qa.StreamDemo1Test"/>
  <testcase name="checkingWithGreaterThanGivenCondition" time="0.002" classname="com.ip.qa.StreamDemo1Test"/>
</testsuite> <!-- com.ip.qa.StreamDemo1Test -->
