<?xml version="1.0" encoding="UTF-8"?>
<!-- Generated by org.testng.reporters.JUnitReportReporter -->
<testsuite skipped="0" hostname="DESKTOP-J9C1L06" name="com.ip.qa.StreamExampleTest" tests="1" failures="0" timestamp="20 Apr 2020 19:49:10 GMT" time="0.099" errors="0">
  <testcase name="test_3" time="0.099" classname="com.ip.qa.StreamExampleTest"/>
</testsuite> <!-- com.ip.qa.StreamExampleTest -->
