<?xml version="1.0" encoding="UTF-8"?>
<!-- Generated by org.testng.reporters.JUnitReportReporter -->
<testsuite skipped="0" hostname="DESKTOP-J9C1L06" name="com.ip.qa.PredicateDemoTest" tests="4" failures="0" timestamp="24 Apr 2020 19:07:37 GMT" time="0.080" errors="0">
  <testcase name="testWithNumbers" time="0.002" classname="com.ip.qa.PredicateDemoTest"/>
  <testcase name="testWithLargeString" time="0.003" classname="com.ip.qa.PredicateDemoTest"/>
  <testcase name="checkWithEmptyString" time="0.073" classname="com.ip.qa.PredicateDemoTest"/>
  <testcase name="testWithString" time="0.002" classname="com.ip.qa.PredicateDemoTest"/>
</testsuite> <!-- com.ip.qa.PredicateDemoTest -->
