<?xml version="1.0" encoding="UTF-8"?>
<!-- Generated by org.testng.reporters.JUnitReportReporter -->
<testsuite skipped="0" hostname="DESKTOP-J9C1L06" name="com.ip.qa.TestDemo" tests="3" failures="0" timestamp="22 Apr 2020 11:48:10 GMT" time="0.107" errors="0">
  <testcase name="test3" time="0.002" classname="com.ip.qa.TestDemo"/>
  <testcase name="test2" time="0.002" classname="com.ip.qa.TestDemo"/>
  <testcase name="test1" time="0.103" classname="com.ip.qa.TestDemo"/>
</testsuite> <!-- com.ip.qa.TestDemo -->
