<?xml version="1.0" encoding="UTF-8"?>
<!-- Generated by org.testng.reporters.JUnitReportReporter -->
<testsuite skipped="0" hostname="DESKTOP-J9C1L06" name="com.ip.qa.StreamExample3Test" tests="3" failures="0" timestamp="23 Apr 2020 23:47:29 GMT" time="0.099" errors="0">
  <testcase name="test3" time="0.001" classname="com.ip.qa.StreamExample3Test"/>
  <testcase name="test2" time="0.002" classname="com.ip.qa.StreamExample3Test"/>
  <testcase name="test1" time="0.096" classname="com.ip.qa.StreamExample3Test"/>
</testsuite> <!-- com.ip.qa.StreamExample3Test -->
