<?xml version="1.0" encoding="UTF-8"?>
<!-- Generated by org.testng.reporters.JUnitReportReporter -->
<testsuite skipped="0" hostname="DESKTOP-J9C1L06" name="com.ip.qa.Comparator2Test" tests="4" failures="0" timestamp="26 Apr 2020 19:21:25 GMT" time="0.129" errors="0">
  <testcase name="testWithAllNegitiveNumbers" time="0.117" classname="com.ip.qa.Comparator2Test"/>
  <testcase name="testWithPositiveAndNegitiveNumber" time="0.002" classname="com.ip.qa.Comparator2Test"/>
  <testcase name="testWithZeroPositiveAndNegitive" time="0.008" classname="com.ip.qa.Comparator2Test"/>
  <testcase name="testWithAllPositiveNumbers" time="0.002" classname="com.ip.qa.Comparator2Test"/>
</testsuite> <!-- com.ip.qa.Comparator2Test -->
