<?xml version="1.0" encoding="UTF-8"?>
<!-- Generated by org.testng.reporters.JUnitReportReporter -->
<testsuite skipped="0" hostname="DESKTOP-J9C1L06" name="com.ip.qa.StreamReduceTest" tests="4" failures="0" timestamp="27 Apr 2020 08:38:56 GMT" time="0.096" errors="0">
  <testcase name="testWithEmptyString" time="0.004" classname="com.ip.qa.StreamReduceTest"/>
  <testcase name="testWithAllPositiveNumbers" time="0.002" classname="com.ip.qa.StreamReduceTest"/>
  <testcase name="testWithPositiveAndNegitiveNumbers" time="0.001" classname="com.ip.qa.StreamReduceTest"/>
  <testcase name="testWithAllNegitiveNumbers" time="0.089" classname="com.ip.qa.StreamReduceTest"/>
</testsuite> <!-- com.ip.qa.StreamReduceTest -->
