<?xml version="1.0" encoding="UTF-8"?>
<!-- Generated by org.testng.reporters.JUnitReportReporter -->
<testsuite skipped="0" hostname="DESKTOP-J9C1L06" name="com.ip.qa.StreamDemo3Test" tests="1" failures="0" timestamp="14 Apr 2020 20:51:34 GMT" time="0.100" errors="0">
  <testcase name="TestStream" time="0.100" classname="com.ip.qa.StreamDemo3Test"/>
</testsuite> <!-- com.ip.qa.StreamDemo3Test -->
