<?xml version="1.0" encoding="UTF-8"?>
<!-- Generated by org.testng.reporters.JUnitReportReporter -->
<testsuite skipped="0" hostname="DESKTOP-J9C1L06" name="com.ip.qa.ComparatorTest" tests="4" failures="0" timestamp="26 Apr 2020 17:35:18 GMT" time="0.097" errors="0">
  <testcase name="testWithAllNegitiveNumbers" time="0.091" classname="com.ip.qa.ComparatorTest"/>
  <testcase name="testWithPosiAndNegitive" time="0.001" classname="com.ip.qa.ComparatorTest"/>
  <testcase name="testWithAllPositiveNumbers" time="0.002" classname="com.ip.qa.ComparatorTest"/>
  <testcase name="testWithZeroNegitiveNumbers" time="0.003" classname="com.ip.qa.ComparatorTest"/>
</testsuite> <!-- com.ip.qa.ComparatorTest -->
