<?xml version="1.0" encoding="UTF-8"?>
<!-- Generated by org.testng.reporters.JUnitReportReporter -->
<testsuite skipped="0" hostname="DESKTOP-J9C1L06" name="com.ip.qa.MainTest" tests="1" failures="0" timestamp="19 Apr 2020 16:45:57 GMT" time="0.098" errors="0">
  <testcase name="test_1" time="0.098" classname="com.ip.qa.MainTest"/>
</testsuite> <!-- com.ip.qa.MainTest -->
